\BOOKMARK [0][-]{chapter.1}{\376\377\0001\000\040\000D\000a\000t\000a\000\040\000S\000t\000r\000u\000c\000t\000u\000r\000e\000\040\000I\000n\000d\000e\000x}{}% 1
\BOOKMARK [1][-]{section.1.1}{\376\377\0001\000.\0001\000\040\000D\000a\000t\000a\000\040\000S\000t\000r\000u\000c\000t\000u\000r\000e\000s}{chapter.1}% 2
\BOOKMARK [0][-]{chapter.2}{\376\377\0002\000\040\000F\000i\000l\000e\000\040\000I\000n\000d\000e\000x}{}% 3
\BOOKMARK [1][-]{section.2.1}{\376\377\0002\000.\0001\000\040\000F\000i\000l\000e\000\040\000L\000i\000s\000t}{chapter.2}% 4
\BOOKMARK [0][-]{chapter.3}{\376\377\0003\000\040\000D\000a\000t\000a\000\040\000S\000t\000r\000u\000c\000t\000u\000r\000e\000\040\000D\000o\000c\000u\000m\000e\000n\000t\000a\000t\000i\000o\000n}{}% 5
\BOOKMARK [1][-]{section.3.1}{\376\377\0003\000.\0001\000\040\000d\000i\000r\000p\000\137\000a\000p\000i\000\137\000v\000e\000r\000s\000i\000o\000n\000\137\000t\000\040\000S\000t\000r\000u\000c\000t\000\040\000R\000e\000f\000e\000r\000e\000n\000c\000e}{chapter.3}% 6
\BOOKMARK [2][-]{subsection.3.1.1}{\376\377\0003\000.\0001\000.\0001\000\040\000D\000e\000t\000a\000i\000l\000e\000d\000\040\000D\000e\000s\000c\000r\000i\000p\000t\000i\000o\000n}{section.3.1}% 7
\BOOKMARK [2][-]{subsection.3.1.2}{\376\377\0003\000.\0001\000.\0002\000\040\000F\000i\000e\000l\000d\000\040\000D\000o\000c\000u\000m\000e\000n\000t\000a\000t\000i\000o\000n}{section.3.1}% 8
\BOOKMARK [3][-]{subsubsection.3.1.2.1}{\376\377\0003\000.\0001\000.\0002\000.\0001\000\040\000a\000p\000i}{subsection.3.1.2}% 9
\BOOKMARK [3][-]{subsubsection.3.1.2.2}{\376\377\0003\000.\0001\000.\0002\000.\0002\000\040\000m\000a\000g\000i\000c}{subsection.3.1.2}% 10
\BOOKMARK [1][-]{section.3.2}{\376\377\0003\000.\0002\000\040\000d\000i\000r\000p\000\137\000a\000p\000i\000\137\000w\000r\000a\000p\000p\000e\000r\000\137\000t\000\040\000S\000t\000r\000u\000c\000t\000\040\000R\000e\000f\000e\000r\000e\000n\000c\000e}{chapter.3}% 11
\BOOKMARK [2][-]{subsection.3.2.1}{\376\377\0003\000.\0002\000.\0001\000\040\000F\000i\000e\000l\000d\000\040\000D\000o\000c\000u\000m\000e\000n\000t\000a\000t\000i\000o\000n}{section.3.2}% 12
\BOOKMARK [3][-]{subsubsection.3.2.1.1}{\376\377\0003\000.\0002\000.\0001\000.\0001\000\040\000c\000r\000e\000a\000t\000e\000\137\000f\000r\000o\000m\000\137\000r\000j\000p\000e\000g}{subsection.3.2.1}% 13
\BOOKMARK [3][-]{subsubsection.3.2.1.2}{\376\377\0003\000.\0002\000.\0001\000.\0002\000\040\000d\000e\000s\000t\000r\000o\000y}{subsection.3.2.1}% 14
\BOOKMARK [3][-]{subsubsection.3.2.1.3}{\376\377\0003\000.\0002\000.\0001\000.\0003\000\040\000g\000e\000t\000\137\000c\000o\000l\000o\000r\000\137\000b\000a\000r}{subsection.3.2.1}% 15
\BOOKMARK [3][-]{subsubsection.3.2.1.4}{\376\377\0003\000.\0002\000.\0001\000.\0004\000\040\000g\000e\000t\000\137\000c\000o\000l\000o\000r\000\137\000b\000a\000r\000\137\000a\000d\000a\000p\000t\000i\000v\000e\000\137\000p\000a\000r\000a\000m\000s}{subsection.3.2.1}% 16
\BOOKMARK [3][-]{subsubsection.3.2.1.5}{\376\377\0003\000.\0002\000.\0001\000.\0005\000\040\000g\000e\000t\000\137\000e\000n\000h\000a\000n\000c\000e\000m\000e\000n\000t\000\137\000p\000a\000r\000a\000m\000s}{subsection.3.2.1}% 17
\BOOKMARK [3][-]{subsubsection.3.2.1.6}{\376\377\0003\000.\0002\000.\0001\000.\0006\000\040\000g\000e\000t\000\137\000i\000s\000o\000t\000h\000e\000r\000m}{subsection.3.2.1}% 18
\BOOKMARK [3][-]{subsubsection.3.2.1.7}{\376\377\0003\000.\0002\000.\0001\000.\0007\000\040\000g\000e\000t\000\137\000m\000e\000a\000s\000u\000r\000e\000m\000e\000n\000t\000\137\000p\000a\000r\000a\000m\000s}{subsection.3.2.1}% 19
\BOOKMARK [3][-]{subsubsection.3.2.1.8}{\376\377\0003\000.\0002\000.\0001\000.\0008\000\040\000g\000e\000t\000\137\000m\000e\000a\000s\000u\000r\000e\000m\000e\000n\000t\000\137\000p\000a\000r\000a\000m\000s\000\137\000r\000a\000n\000g\000e}{subsection.3.2.1}% 20
\BOOKMARK [3][-]{subsubsection.3.2.1.9}{\376\377\0003\000.\0002\000.\0001\000.\0009\000\040\000g\000e\000t\000\137\000o\000r\000i\000g\000i\000n\000a\000l\000\137\000r\000a\000w}{subsection.3.2.1}% 21
\BOOKMARK [3][-]{subsubsection.3.2.1.10}{\376\377\0003\000.\0002\000.\0001\000.\0001\0000\000\040\000g\000e\000t\000\137\000p\000s\000e\000u\000d\000o\000\137\000c\000o\000l\000o\000r}{subsection.3.2.1}% 22
\BOOKMARK [3][-]{subsubsection.3.2.1.11}{\376\377\0003\000.\0002\000.\0001\000.\0001\0001\000\040\000g\000e\000t\000\137\000p\000s\000e\000u\000d\000o\000\137\000c\000o\000l\000o\000r\000\137\000l\000u\000t}{subsection.3.2.1}% 23
\BOOKMARK [3][-]{subsubsection.3.2.1.12}{\376\377\0003\000.\0002\000.\0001\000.\0001\0002\000\040\000g\000e\000t\000\137\000r\000j\000p\000e\000g\000\137\000r\000e\000s\000o\000l\000u\000t\000i\000o\000n}{subsection.3.2.1}% 24
\BOOKMARK [3][-]{subsubsection.3.2.1.13}{\376\377\0003\000.\0002\000.\0001\000.\0001\0003\000\040\000g\000e\000t\000\137\000r\000j\000p\000e\000g\000\137\000v\000e\000r\000s\000i\000o\000n}{subsection.3.2.1}% 25
\BOOKMARK [3][-]{subsubsection.3.2.1.14}{\376\377\0003\000.\0002\000.\0001\000.\0001\0004\000\040\000m\000e\000a\000s\000u\000r\000e}{subsection.3.2.1}% 26
\BOOKMARK [3][-]{subsubsection.3.2.1.15}{\376\377\0003\000.\0002\000.\0001\000.\0001\0005\000\040\000m\000e\000a\000s\000u\000r\000e\000\137\000e\000x}{subsection.3.2.1}% 27
\BOOKMARK [3][-]{subsubsection.3.2.1.16}{\376\377\0003\000.\0002\000.\0001\000.\0001\0006\000\040\000p\000r\000o\000c\000e\000s\000s}{subsection.3.2.1}% 28
\BOOKMARK [3][-]{subsubsection.3.2.1.17}{\376\377\0003\000.\0002\000.\0001\000.\0001\0007\000\040\000p\000r\000o\000c\000e\000s\000s\000\137\000s\000t\000r\000e\000c\000h}{subsection.3.2.1}% 29
\BOOKMARK [3][-]{subsubsection.3.2.1.18}{\376\377\0003\000.\0002\000.\0001\000.\0001\0008\000\040\000s\000e\000t\000\137\000c\000o\000l\000o\000r\000\137\000b\000a\000r}{subsection.3.2.1}% 30
\BOOKMARK [3][-]{subsubsection.3.2.1.19}{\376\377\0003\000.\0002\000.\0001\000.\0001\0009\000\040\000s\000e\000t\000\137\000e\000n\000h\000a\000n\000c\000e\000m\000e\000n\000t\000\137\000p\000a\000r\000a\000m\000s}{subsection.3.2.1}% 31
\BOOKMARK [3][-]{subsubsection.3.2.1.20}{\376\377\0003\000.\0002\000.\0001\000.\0002\0000\000\040\000s\000e\000t\000\137\000i\000s\000o\000t\000h\000e\000r\000m}{subsection.3.2.1}% 32
\BOOKMARK [3][-]{subsubsection.3.2.1.21}{\376\377\0003\000.\0002\000.\0001\000.\0002\0001\000\040\000s\000e\000t\000\137\000m\000e\000a\000s\000u\000r\000e\000m\000e\000n\000t\000\137\000p\000a\000r\000a\000m\000s}{subsection.3.2.1}% 33
\BOOKMARK [3][-]{subsubsection.3.2.1.22}{\376\377\0003\000.\0002\000.\0001\000.\0002\0002\000\040\000s\000e\000t\000\137\000p\000s\000e\000u\000d\000o\000\137\000c\000o\000l\000o\000r}{subsection.3.2.1}% 34
\BOOKMARK [3][-]{subsubsection.3.2.1.23}{\376\377\0003\000.\0002\000.\0001\000.\0002\0003\000\040\000s\000e\000t\000\137\000v\000e\000r\000b\000o\000s\000e\000\137\000l\000e\000v\000e\000l}{subsection.3.2.1}% 35
\BOOKMARK [1][-]{section.3.3}{\376\377\0003\000.\0003\000\040\000d\000i\000r\000p\000\137\000c\000o\000l\000o\000r\000\137\000b\000a\000r\000\137\000t\000\040\000S\000t\000r\000u\000c\000t\000\040\000R\000e\000f\000e\000r\000e\000n\000c\000e}{chapter.3}% 36
\BOOKMARK [2][-]{subsection.3.3.1}{\376\377\0003\000.\0003\000.\0001\000\040\000D\000e\000t\000a\000i\000l\000e\000d\000\040\000D\000e\000s\000c\000r\000i\000p\000t\000i\000o\000n}{section.3.3}% 37
\BOOKMARK [2][-]{subsection.3.3.2}{\376\377\0003\000.\0003\000.\0002\000\040\000F\000i\000e\000l\000d\000\040\000D\000o\000c\000u\000m\000e\000n\000t\000a\000t\000i\000o\000n}{section.3.3}% 38
\BOOKMARK [3][-]{subsubsection.3.3.2.1}{\376\377\0003\000.\0003\000.\0002\000.\0001\000\040\000h\000i\000g\000h}{subsection.3.3.2}% 39
\BOOKMARK [3][-]{subsubsection.3.3.2.2}{\376\377\0003\000.\0003\000.\0002\000.\0002\000\040\000l\000o\000w}{subsection.3.3.2}% 40
\BOOKMARK [3][-]{subsubsection.3.3.2.3}{\376\377\0003\000.\0003\000.\0002\000.\0003\000\040\000m\000a\000n\000u\000a\000l\000\137\000e\000n\000a\000b\000l\000e}{subsection.3.3.2}% 41
\BOOKMARK [1][-]{section.3.4}{\376\377\0003\000.\0004\000\040\000d\000i\000r\000p\000\137\000e\000n\000h\000a\000n\000c\000e\000m\000e\000n\000t\000\137\000p\000a\000r\000a\000m\000s\000\137\000t\000\040\000S\000t\000r\000u\000c\000t\000\040\000R\000e\000f\000e\000r\000e\000n\000c\000e}{chapter.3}% 42
\BOOKMARK [2][-]{subsection.3.4.1}{\376\377\0003\000.\0004\000.\0001\000\040\000D\000e\000t\000a\000i\000l\000e\000d\000\040\000D\000e\000s\000c\000r\000i\000p\000t\000i\000o\000n}{section.3.4}% 43
\BOOKMARK [2][-]{subsection.3.4.2}{\376\377\0003\000.\0004\000.\0002\000\040\000F\000i\000e\000l\000d\000\040\000D\000o\000c\000u\000m\000e\000n\000t\000a\000t\000i\000o\000n}{section.3.4}% 44
\BOOKMARK [3][-]{subsubsection.3.4.2.1}{\376\377\0003\000.\0004\000.\0002\000.\0001\000\040\000b\000r\000i\000g\000h\000t\000n\000e\000s\000s}{subsection.3.4.2}% 45
\BOOKMARK [1][-]{section.3.5}{\376\377\0003\000.\0005\000\040\000d\000i\000r\000p\000\137\000i\000s\000o\000t\000h\000e\000r\000m\000\137\000t\000\040\000S\000t\000r\000u\000c\000t\000\040\000R\000e\000f\000e\000r\000e\000n\000c\000e}{chapter.3}% 46
\BOOKMARK [2][-]{subsection.3.5.1}{\376\377\0003\000.\0005\000.\0001\000\040\000D\000e\000t\000a\000i\000l\000e\000d\000\040\000D\000e\000s\000c\000r\000i\000p\000t\000i\000o\000n}{section.3.5}% 47
\BOOKMARK [2][-]{subsection.3.5.2}{\376\377\0003\000.\0005\000.\0002\000\040\000F\000i\000e\000l\000d\000\040\000D\000o\000c\000u\000m\000e\000n\000t\000a\000t\000i\000o\000n}{section.3.5}% 48
\BOOKMARK [3][-]{subsubsection.3.5.2.1}{\376\377\0003\000.\0005\000.\0002\000.\0001\000\040\000e\000n\000a\000b\000l\000e}{subsection.3.5.2}% 49
\BOOKMARK [3][-]{subsubsection.3.5.2.2}{\376\377\0003\000.\0005\000.\0002\000.\0002\000\040\000h\000i\000g\000h}{subsection.3.5.2}% 50
\BOOKMARK [3][-]{subsubsection.3.5.2.3}{\376\377\0003\000.\0005\000.\0002\000.\0003\000\040\000l\000o\000w}{subsection.3.5.2}% 51
\BOOKMARK [1][-]{section.3.6}{\376\377\0003\000.\0006\000\040\000d\000i\000r\000p\000\137\000i\000s\000p\000\137\000p\000s\000e\000u\000d\000o\000\137\000c\000o\000l\000o\000r\000\137\000l\000u\000t\000\137\000t\000\040\000S\000t\000r\000u\000c\000t\000\040\000R\000e\000f\000e\000r\000e\000n\000c\000e}{chapter.3}% 52
\BOOKMARK [2][-]{subsection.3.6.1}{\376\377\0003\000.\0006\000.\0001\000\040\000D\000e\000t\000a\000i\000l\000e\000d\000\040\000D\000e\000s\000c\000r\000i\000p\000t\000i\000o\000n}{section.3.6}% 53
\BOOKMARK [2][-]{subsection.3.6.2}{\376\377\0003\000.\0006\000.\0002\000\040\000F\000i\000e\000l\000d\000\040\000D\000o\000c\000u\000m\000e\000n\000t\000a\000t\000i\000o\000n}{section.3.6}% 54
\BOOKMARK [3][-]{subsubsection.3.6.2.1}{\376\377\0003\000.\0006\000.\0002\000.\0001\000\040\000b\000l\000u\000e}{subsection.3.6.2}% 55
\BOOKMARK [3][-]{subsubsection.3.6.2.2}{\376\377\0003\000.\0006\000.\0002\000.\0002\000\040\000g\000r\000e\000e\000n}{subsection.3.6.2}% 56
\BOOKMARK [3][-]{subsubsection.3.6.2.3}{\376\377\0003\000.\0006\000.\0002\000.\0003\000\040\000r\000e\000d}{subsection.3.6.2}% 57
\BOOKMARK [1][-]{section.3.7}{\376\377\0003\000.\0007\000\040\000d\000i\000r\000p\000\137\000m\000e\000a\000s\000u\000r\000e\000m\000e\000n\000t\000\137\000p\000a\000r\000a\000m\000s\000\137\000r\000a\000n\000g\000e\000\137\000t\000\040\000S\000t\000r\000u\000c\000t\000\040\000R\000e\000f\000e\000r\000e\000n\000c\000e}{chapter.3}% 58
\BOOKMARK [2][-]{subsection.3.7.1}{\376\377\0003\000.\0007\000.\0001\000\040\000D\000e\000t\000a\000i\000l\000e\000d\000\040\000D\000e\000s\000c\000r\000i\000p\000t\000i\000o\000n}{section.3.7}% 59
\BOOKMARK [2][-]{subsection.3.7.2}{\376\377\0003\000.\0007\000.\0002\000\040\000F\000i\000e\000l\000d\000\040\000D\000o\000c\000u\000m\000e\000n\000t\000a\000t\000i\000o\000n}{section.3.7}% 60
\BOOKMARK [3][-]{subsubsection.3.7.2.1}{\376\377\0003\000.\0007\000.\0002\000.\0001\000\040\000a\000m\000b\000i\000e\000n\000t\000\137\000t\000e\000m\000p}{subsection.3.7.2}% 61
\BOOKMARK [3][-]{subsubsection.3.7.2.2}{\376\377\0003\000.\0007\000.\0002\000.\0002\000\040\000d\000i\000s\000t\000a\000n\000c\000e}{subsection.3.7.2}% 62
\BOOKMARK [3][-]{subsubsection.3.7.2.3}{\376\377\0003\000.\0007\000.\0002\000.\0003\000\040\000e\000m\000i\000s\000s\000i\000v\000i\000t\000y}{subsection.3.7.2}% 63
\BOOKMARK [3][-]{subsubsection.3.7.2.4}{\376\377\0003\000.\0007\000.\0002\000.\0004\000\040\000h\000u\000m\000i\000d\000i\000t\000y}{subsection.3.7.2}% 64
\BOOKMARK [3][-]{subsubsection.3.7.2.5}{\376\377\0003\000.\0007\000.\0002\000.\0005\000\040\000m\000a\000x}{subsection.3.7.2}% 65
\BOOKMARK [3][-]{subsubsection.3.7.2.6}{\376\377\0003\000.\0007\000.\0002\000.\0006\000\040\000m\000i\000n}{subsection.3.7.2}% 66
\BOOKMARK [3][-]{subsubsection.3.7.2.7}{\376\377\0003\000.\0007\000.\0002\000.\0007\000\040\000r\000e\000f\000l\000e\000c\000t\000i\000o\000n}{subsection.3.7.2}% 67
\BOOKMARK [1][-]{section.3.8}{\376\377\0003\000.\0008\000\040\000d\000i\000r\000p\000\137\000m\000e\000a\000s\000u\000r\000e\000m\000e\000n\000t\000\137\000p\000a\000r\000a\000m\000s\000\137\000t\000\040\000S\000t\000r\000u\000c\000t\000\040\000R\000e\000f\000e\000r\000e\000n\000c\000e}{chapter.3}% 68
\BOOKMARK [2][-]{subsection.3.8.1}{\376\377\0003\000.\0008\000.\0001\000\040\000D\000e\000t\000a\000i\000l\000e\000d\000\040\000D\000e\000s\000c\000r\000i\000p\000t\000i\000o\000n}{section.3.8}% 69
\BOOKMARK [2][-]{subsection.3.8.2}{\376\377\0003\000.\0008\000.\0002\000\040\000F\000i\000e\000l\000d\000\040\000D\000o\000c\000u\000m\000e\000n\000t\000a\000t\000i\000o\000n}{section.3.8}% 70
\BOOKMARK [3][-]{subsubsection.3.8.2.1}{\376\377\0003\000.\0008\000.\0002\000.\0001\000\040\000a\000m\000b\000i\000e\000n\000t\000\137\000t\000e\000m\000p}{subsection.3.8.2}% 71
\BOOKMARK [3][-]{subsubsection.3.8.2.2}{\376\377\0003\000.\0008\000.\0002\000.\0002\000\040\000d\000i\000s\000t\000a\000n\000c\000e}{subsection.3.8.2}% 72
\BOOKMARK [3][-]{subsubsection.3.8.2.3}{\376\377\0003\000.\0008\000.\0002\000.\0003\000\040\000e\000m\000i\000s\000s\000i\000v\000i\000t\000y}{subsection.3.8.2}% 73
\BOOKMARK [3][-]{subsubsection.3.8.2.4}{\376\377\0003\000.\0008\000.\0002\000.\0004\000\040\000h\000u\000m\000i\000d\000i\000t\000y}{subsection.3.8.2}% 74
\BOOKMARK [3][-]{subsubsection.3.8.2.5}{\376\377\0003\000.\0008\000.\0002\000.\0005\000\040\000r\000e\000f\000l\000e\000c\000t\000i\000o\000n}{subsection.3.8.2}% 75
\BOOKMARK [1][-]{section.3.9}{\376\377\0003\000.\0009\000\040\000d\000i\000r\000p\000\137\000r\000e\000s\000o\000l\000u\000t\000i\000o\000n\000\137\000t\000\040\000S\000t\000r\000u\000c\000t\000\040\000R\000e\000f\000e\000r\000e\000n\000c\000e}{chapter.3}% 76
\BOOKMARK [2][-]{subsection.3.9.1}{\376\377\0003\000.\0009\000.\0001\000\040\000D\000e\000t\000a\000i\000l\000e\000d\000\040\000D\000e\000s\000c\000r\000i\000p\000t\000i\000o\000n}{section.3.9}% 77
\BOOKMARK [2][-]{subsection.3.9.2}{\376\377\0003\000.\0009\000.\0002\000\040\000F\000i\000e\000l\000d\000\040\000D\000o\000c\000u\000m\000e\000n\000t\000a\000t\000i\000o\000n}{section.3.9}% 78
\BOOKMARK [3][-]{subsubsection.3.9.2.1}{\376\377\0003\000.\0009\000.\0002\000.\0001\000\040\000h\000e\000i\000g\000h\000t}{subsection.3.9.2}% 79
\BOOKMARK [3][-]{subsubsection.3.9.2.2}{\376\377\0003\000.\0009\000.\0002\000.\0002\000\040\000w\000i\000d\000t\000h}{subsection.3.9.2}% 80
\BOOKMARK [1][-]{section.3.10}{\376\377\0003\000.\0001\0000\000\040\000d\000i\000r\000p\000\137\000r\000j\000p\000e\000g\000\137\000v\000e\000r\000s\000i\000o\000n\000\137\000t\000\040\000S\000t\000r\000u\000c\000t\000\040\000R\000e\000f\000e\000r\000e\000n\000c\000e}{chapter.3}% 81
\BOOKMARK [2][-]{subsection.3.10.1}{\376\377\0003\000.\0001\0000\000.\0001\000\040\000D\000e\000t\000a\000i\000l\000e\000d\000\040\000D\000e\000s\000c\000r\000i\000p\000t\000i\000o\000n}{section.3.10}% 82
\BOOKMARK [2][-]{subsection.3.10.2}{\376\377\0003\000.\0001\0000\000.\0002\000\040\000F\000i\000e\000l\000d\000\040\000D\000o\000c\000u\000m\000e\000n\000t\000a\000t\000i\000o\000n}{section.3.10}% 83
\BOOKMARK [3][-]{subsubsection.3.10.2.1}{\376\377\0003\000.\0001\0000\000.\0002\000.\0001\000\040\000c\000u\000r\000v\000e}{subsection.3.10.2}% 84
\BOOKMARK [3][-]{subsubsection.3.10.2.2}{\376\377\0003\000.\0001\0000\000.\0002\000.\0002\000\040\000h\000e\000a\000d\000e\000r}{subsection.3.10.2}% 85
\BOOKMARK [3][-]{subsubsection.3.10.2.3}{\376\377\0003\000.\0001\0000\000.\0002\000.\0003\000\040\000r\000j\000p\000e\000g}{subsection.3.10.2}% 86
\BOOKMARK [0][-]{chapter.4}{\376\377\0004\000\040\000F\000i\000l\000e\000\040\000D\000o\000c\000u\000m\000e\000n\000t\000a\000t\000i\000o\000n}{}% 87
\BOOKMARK [1][-]{section.4.1}{\376\377\0004\000.\0001\000\040\000d\000i\000r\000p\000\137\000a\000p\000i\000.\000h\000\040\000F\000i\000l\000e\000\040\000R\000e\000f\000e\000r\000e\000n\000c\000e}{chapter.4}% 88
\BOOKMARK [2][-]{subsection.4.1.1}{\376\377\0004\000.\0001\000.\0001\000\040\000M\000a\000c\000r\000o\000\040\000D\000e\000f\000i\000n\000i\000t\000i\000o\000n\000\040\000D\000o\000c\000u\000m\000e\000n\000t\000a\000t\000i\000o\000n}{section.4.1}% 89
\BOOKMARK [3][-]{subsubsection.4.1.1.1}{\376\377\0004\000.\0001\000.\0001\000.\0001\000\040\000\137\000D\000I\000R\000P\000\137\000A\000P\000I\000\137\000H\000\137}{subsection.4.1.1}% 90
\BOOKMARK [3][-]{subsubsection.4.1.1.2}{\376\377\0004\000.\0001\000.\0001\000.\0002\000\040\000D\000I\000R\000P\000\137\000P\000S\000E\000U\000D\000O\000\137\000C\000O\000L\000O\000R\000\137\000L\000U\000T\000\137\000D\000E\000P\000T\000H}{subsection.4.1.1}% 91
\BOOKMARK [3][-]{subsubsection.4.1.1.3}{\376\377\0004\000.\0001\000.\0001\000.\0003\000\040\000d\000l\000l\000e\000x\000p\000o\000r\000t}{subsection.4.1.1}% 92
\BOOKMARK [2][-]{subsection.4.1.2}{\376\377\0004\000.\0001\000.\0002\000\040\000T\000y\000p\000e\000d\000e\000f\000\040\000D\000o\000c\000u\000m\000e\000n\000t\000a\000t\000i\000o\000n}{section.4.1}% 93
\BOOKMARK [3][-]{subsubsection.4.1.2.1}{\376\377\0004\000.\0001\000.\0002\000.\0001\000\040\000D\000I\000R\000P\000\137\000H\000A\000N\000D\000L\000E}{subsection.4.1.2}% 94
\BOOKMARK [2][-]{subsection.4.1.3}{\376\377\0004\000.\0001\000.\0003\000\040\000E\000n\000u\000m\000e\000r\000a\000t\000i\000o\000n\000\040\000T\000y\000p\000e\000\040\000D\000o\000c\000u\000m\000e\000n\000t\000a\000t\000i\000o\000n}{section.4.1}% 95
\BOOKMARK [3][-]{subsubsection.4.1.3.1}{\376\377\0004\000.\0001\000.\0003\000.\0001\000\040\000d\000i\000r\000p\000\137\000p\000s\000e\000u\000d\000o\000\137\000c\000o\000l\000o\000r\000\137\000e}{subsection.4.1.3}% 96
\BOOKMARK [3][-]{subsubsection.4.1.3.2}{\376\377\0004\000.\0001\000.\0003\000.\0002\000\040\000d\000i\000r\000p\000\137\000r\000e\000t\000\137\000c\000o\000d\000e\000\137\000e}{subsection.4.1.3}% 97
\BOOKMARK [3][-]{subsubsection.4.1.3.3}{\376\377\0004\000.\0001\000.\0003\000.\0003\000\040\000d\000i\000r\000p\000\137\000v\000e\000r\000b\000o\000s\000e\000\137\000l\000e\000v\000e\000l\000\137\000e}{subsection.4.1.3}% 98
\BOOKMARK [2][-]{subsection.4.1.4}{\376\377\0004\000.\0001\000.\0004\000\040\000F\000u\000n\000c\000t\000i\000o\000n\000\040\000D\000o\000c\000u\000m\000e\000n\000t\000a\000t\000i\000o\000n}{section.4.1}% 99
\BOOKMARK [3][-]{subsubsection.4.1.4.1}{\376\377\0004\000.\0001\000.\0004\000.\0001\000\040\000d\000i\000r\000p\000\137\000c\000r\000e\000a\000t\000e\000\137\000f\000r\000o\000m\000\137\000r\000j\000p\000e\000g\000\050\000\051}{subsection.4.1.4}% 100
\BOOKMARK [3][-]{subsubsection.4.1.4.2}{\376\377\0004\000.\0001\000.\0004\000.\0002\000\040\000d\000i\000r\000p\000\137\000d\000e\000s\000t\000r\000o\000y\000\050\000\051}{subsection.4.1.4}% 101
\BOOKMARK [3][-]{subsubsection.4.1.4.3}{\376\377\0004\000.\0001\000.\0004\000.\0003\000\040\000d\000i\000r\000p\000\137\000g\000e\000t\000\137\000a\000p\000i\000\137\000v\000e\000r\000s\000i\000o\000n\000\050\000\051}{subsection.4.1.4}% 102
\BOOKMARK [3][-]{subsubsection.4.1.4.4}{\376\377\0004\000.\0001\000.\0004\000.\0004\000\040\000d\000i\000r\000p\000\137\000g\000e\000t\000\137\000c\000o\000l\000o\000r\000\137\000b\000a\000r\000\050\000\051}{subsection.4.1.4}% 103
\BOOKMARK [3][-]{subsubsection.4.1.4.5}{\376\377\0004\000.\0001\000.\0004\000.\0005\000\040\000d\000i\000r\000p\000\137\000g\000e\000t\000\137\000c\000o\000l\000o\000r\000\137\000b\000a\000r\000\137\000a\000d\000a\000p\000t\000i\000v\000e\000\137\000p\000a\000r\000a\000m\000s\000\050\000\051}{subsection.4.1.4}% 104
\BOOKMARK [3][-]{subsubsection.4.1.4.6}{\376\377\0004\000.\0001\000.\0004\000.\0006\000\040\000d\000i\000r\000p\000\137\000g\000e\000t\000\137\000e\000n\000h\000a\000n\000c\000e\000m\000e\000n\000t\000\137\000p\000a\000r\000a\000m\000s\000\050\000\051}{subsection.4.1.4}% 105
\BOOKMARK [3][-]{subsubsection.4.1.4.7}{\376\377\0004\000.\0001\000.\0004\000.\0007\000\040\000d\000i\000r\000p\000\137\000g\000e\000t\000\137\000i\000n\000f\000a\000r\000e\000d\000\137\000d\000e\000n\000s\000i\000t\000y\000\137\000f\000i\000l\000t\000e\000r\000\137\000i\000n\000s\000t\000a\000l\000l\000e\000d\000\050\000\051}{subsection.4.1.4}% 106
\BOOKMARK [3][-]{subsubsection.4.1.4.8}{\376\377\0004\000.\0001\000.\0004\000.\0008\000\040\000d\000i\000r\000p\000\137\000g\000e\000t\000\137\000i\000s\000o\000t\000h\000e\000r\000m\000\050\000\051}{subsection.4.1.4}% 107
\BOOKMARK [3][-]{subsubsection.4.1.4.9}{\376\377\0004\000.\0001\000.\0004\000.\0009\000\040\000d\000i\000r\000p\000\137\000g\000e\000t\000\137\000m\000e\000a\000s\000u\000r\000e\000m\000e\000n\000t\000\137\000p\000a\000r\000a\000m\000s\000\050\000\051}{subsection.4.1.4}% 108
\BOOKMARK [3][-]{subsubsection.4.1.4.10}{\376\377\0004\000.\0001\000.\0004\000.\0001\0000\000\040\000d\000i\000r\000p\000\137\000g\000e\000t\000\137\000m\000e\000a\000s\000u\000r\000e\000m\000e\000n\000t\000\137\000p\000a\000r\000a\000m\000s\000\137\000r\000a\000n\000g\000e\000\050\000\051}{subsection.4.1.4}% 109
\BOOKMARK [3][-]{subsubsection.4.1.4.11}{\376\377\0004\000.\0001\000.\0004\000.\0001\0001\000\040\000d\000i\000r\000p\000\137\000g\000e\000t\000\137\000o\000r\000i\000g\000i\000n\000a\000l\000\137\000r\000a\000w\000\050\000\051}{subsection.4.1.4}% 110
\BOOKMARK [3][-]{subsubsection.4.1.4.12}{\376\377\0004\000.\0001\000.\0004\000.\0001\0002\000\040\000d\000i\000r\000p\000\137\000g\000e\000t\000\137\000p\000s\000e\000u\000d\000o\000\137\000c\000o\000l\000o\000r\000\050\000\051}{subsection.4.1.4}% 111
\BOOKMARK [3][-]{subsubsection.4.1.4.13}{\376\377\0004\000.\0001\000.\0004\000.\0001\0003\000\040\000d\000i\000r\000p\000\137\000g\000e\000t\000\137\000p\000s\000e\000u\000d\000o\000\137\000c\000o\000l\000o\000r\000\137\000l\000u\000t\000\050\000\051}{subsection.4.1.4}% 112
\BOOKMARK [3][-]{subsubsection.4.1.4.14}{\376\377\0004\000.\0001\000.\0004\000.\0001\0004\000\040\000d\000i\000r\000p\000\137\000g\000e\000t\000\137\000r\000j\000p\000e\000g\000\137\000r\000e\000s\000o\000l\000u\000t\000i\000o\000n\000\050\000\051}{subsection.4.1.4}% 113
\BOOKMARK [3][-]{subsubsection.4.1.4.15}{\376\377\0004\000.\0001\000.\0004\000.\0001\0005\000\040\000d\000i\000r\000p\000\137\000g\000e\000t\000\137\000r\000j\000p\000e\000g\000\137\000v\000e\000r\000s\000i\000o\000n\000\050\000\051}{subsection.4.1.4}% 114
\BOOKMARK [3][-]{subsubsection.4.1.4.16}{\376\377\0004\000.\0001\000.\0004\000.\0001\0006\000\040\000d\000i\000r\000p\000\137\000m\000e\000a\000s\000u\000r\000e\000\050\000\051}{subsection.4.1.4}% 115
\BOOKMARK [3][-]{subsubsection.4.1.4.17}{\376\377\0004\000.\0001\000.\0004\000.\0001\0007\000\040\000d\000i\000r\000p\000\137\000m\000e\000a\000s\000u\000r\000e\000\137\000e\000x\000\050\000\051}{subsection.4.1.4}% 116
\BOOKMARK [3][-]{subsubsection.4.1.4.18}{\376\377\0004\000.\0001\000.\0004\000.\0001\0008\000\040\000d\000i\000r\000p\000\137\000p\000r\000o\000c\000e\000s\000s\000\050\000\051}{subsection.4.1.4}% 117
\BOOKMARK [3][-]{subsubsection.4.1.4.19}{\376\377\0004\000.\0001\000.\0004\000.\0001\0009\000\040\000d\000i\000r\000p\000\137\000p\000r\000o\000c\000e\000s\000s\000\137\000s\000t\000r\000e\000c\000h\000\050\000\051}{subsection.4.1.4}% 118
\BOOKMARK [3][-]{subsubsection.4.1.4.20}{\376\377\0004\000.\0001\000.\0004\000.\0002\0000\000\040\000d\000i\000r\000p\000\137\000s\000e\000t\000\137\000c\000o\000l\000o\000r\000\137\000b\000a\000r\000\050\000\051}{subsection.4.1.4}% 119
\BOOKMARK [3][-]{subsubsection.4.1.4.21}{\376\377\0004\000.\0001\000.\0004\000.\0002\0001\000\040\000d\000i\000r\000p\000\137\000s\000e\000t\000\137\000e\000n\000h\000a\000n\000c\000e\000m\000e\000n\000t\000\137\000p\000a\000r\000a\000m\000s\000\050\000\051}{subsection.4.1.4}% 120
\BOOKMARK [3][-]{subsubsection.4.1.4.22}{\376\377\0004\000.\0001\000.\0004\000.\0002\0002\000\040\000d\000i\000r\000p\000\137\000s\000e\000t\000\137\000i\000s\000o\000t\000h\000e\000r\000m\000\050\000\051}{subsection.4.1.4}% 121
\BOOKMARK [3][-]{subsubsection.4.1.4.23}{\376\377\0004\000.\0001\000.\0004\000.\0002\0003\000\040\000d\000i\000r\000p\000\137\000s\000e\000t\000\137\000l\000o\000g\000g\000e\000r\000\137\000f\000i\000l\000e\000\050\000\051}{subsection.4.1.4}% 122
\BOOKMARK [3][-]{subsubsection.4.1.4.24}{\376\377\0004\000.\0001\000.\0004\000.\0002\0004\000\040\000d\000i\000r\000p\000\137\000s\000e\000t\000\137\000m\000e\000a\000s\000u\000r\000e\000m\000e\000n\000t\000\137\000p\000a\000r\000a\000m\000s\000\050\000\051}{subsection.4.1.4}% 123
\BOOKMARK [3][-]{subsubsection.4.1.4.25}{\376\377\0004\000.\0001\000.\0004\000.\0002\0005\000\040\000d\000i\000r\000p\000\137\000s\000e\000t\000\137\000p\000s\000e\000u\000d\000o\000\137\000c\000o\000l\000o\000r\000\050\000\051}{subsection.4.1.4}% 124
\BOOKMARK [3][-]{subsubsection.4.1.4.26}{\376\377\0004\000.\0001\000.\0004\000.\0002\0006\000\040\000d\000i\000r\000p\000\137\000s\000e\000t\000\137\000v\000e\000r\000b\000o\000s\000e\000\137\000l\000e\000v\000e\000l\000\050\000\051}{subsection.4.1.4}% 125
\BOOKMARK [1][-]{section.4.2}{\376\377\0004\000.\0002\000\040\000d\000i\000r\000p\000\137\000w\000r\000a\000p\000p\000e\000r\000.\000h\000\040\000F\000i\000l\000e\000\040\000R\000e\000f\000e\000r\000e\000n\000c\000e}{chapter.4}% 126
\BOOKMARK [2][-]{subsection.4.2.1}{\376\377\0004\000.\0002\000.\0001\000\040\000M\000a\000c\000r\000o\000\040\000D\000e\000f\000i\000n\000i\000t\000i\000o\000n\000\040\000D\000o\000c\000u\000m\000e\000n\000t\000a\000t\000i\000o\000n}{section.4.2}% 127
\BOOKMARK [3][-]{subsubsection.4.2.1.1}{\376\377\0004\000.\0002\000.\0001\000.\0001\000\040\000\137\000D\000I\000R\000P\000\137\000W\000R\000A\000P\000P\000E\000R\000\137\000H\000\137}{subsection.4.2.1}% 128
\BOOKMARK [2][-]{subsection.4.2.2}{\376\377\0004\000.\0002\000.\0002\000\040\000T\000y\000p\000e\000d\000e\000f\000\040\000D\000o\000c\000u\000m\000e\000n\000t\000a\000t\000i\000o\000n}{section.4.2}% 129
\BOOKMARK [3][-]{subsubsection.4.2.2.1}{\376\377\0004\000.\0002\000.\0002\000.\0001\000\040\000D\000I\000R\000P\000V\000\137\000H\000A\000N\000D\000L\000E}{subsection.4.2.2}% 130
\BOOKMARK [3][-]{subsubsection.4.2.2.2}{\376\377\0004\000.\0002\000.\0002\000.\0002\000\040\000f\000u\000n\000c\000\137\000d\000i\000r\000p\000\137\000v\000e\000n\000d\000o\000r\000\137\000g\000e\000t\000\137\000a\000p\000i}{subsection.4.2.2}% 131
\BOOKMARK [2][-]{subsection.4.2.3}{\376\377\0004\000.\0002\000.\0003\000\040\000F\000u\000n\000c\000t\000i\000o\000n\000\040\000D\000o\000c\000u\000m\000e\000n\000t\000a\000t\000i\000o\000n}{section.4.2}% 132
\BOOKMARK [3][-]{subsubsection.4.2.3.1}{\376\377\0004\000.\0002\000.\0003\000.\0001\000\040\000d\000i\000r\000p\000\137\000v\000e\000n\000d\000o\000r\000\137\000g\000e\000t\000\137\000a\000p\000i\000\050\000\051}{subsection.4.2.3}% 133
